Build started 11/4/2020 11:04:41 PM.
     1>Project "G:\Study\SP\Assignments\204101041_VowelRecogntion\204101041_VowelRecogntion\204101041_VowelRecogntion.vcxproj" on node 2 (build target(s)).
     1>InitializeBuildStatus:
         Creating "Debug\204101041_VowelRecogntion.unsuccessfulbuild" because "AlwaysCreate" was specified.
       ClCompile:
         C:\Program Files (x86)\Microsoft Visual Studio 10.0\VC\bin\CL.exe /c /ZI /nologo /W3 /WX- /Od /Oy- /D WIN32 /D _DEBUG /D _CONSOLE /D _UNICODE /D UNICODE /Gm /EHsc /RTC1 /MDd /GS /fp:precise /Zc:wchar_t /Zc:forScope /Fo"Debug\\" /Fd"Debug\vc100.pdb" /Gd /TP /analyze- /errorReport:prompt 204101041_VowelRecogntion.cpp
         204101041_VowelRecogntion.cpp
       ManifestResourceCompile:
         All outputs are up-to-date.
       Link:
         C:\Program Files (x86)\Microsoft Visual Studio 10.0\VC\bin\link.exe /ERRORREPORT:PROMPT /OUT:"G:\Study\SP\Assignments\204101041_VowelRecogntion\Debug\204101041_VowelRecogntion.exe" /INCREMENTAL /NOLOGO kernel32.lib user32.lib gdi32.lib winspool.lib comdlg32.lib advapi32.lib shell32.lib ole32.lib oleaut32.lib uuid.lib odbc32.lib odbccp32.lib /MANIFEST /ManifestFile:"Debug\204101041_VowelRecogntion.exe.intermediate.manifest" /MANIFESTUAC:"level='asInvoker' uiAccess='false'" /DEBUG /PDB:"G:\Study\SP\Assignments\204101041_VowelRecogntion\Debug\204101041_VowelRecogntion.pdb" /SUBSYSTEM:CONSOLE /TLBID:1 /DYNAMICBASE /NXCOMPAT /IMPLIB:"G:\Study\SP\Assignments\204101041_VowelRecogntion\Debug\204101041_VowelRecogntion.lib" /MACHINE:X86 Debug\204101041_VowelRecogntion.exe.embed.manifest.res
         Debug\204101041_VowelRecogntion.obj
       Manifest:
         C:\Program Files (x86)\Microsoft SDKs\Windows\v7.0A\bin\mt.exe /nologo /verbose /out:"Debug\204101041_VowelRecogntion.exe.embed.manifest" /manifest Debug\204101041_VowelRecogntion.exe.intermediate.manifest
         All outputs are up-to-date.
       LinkEmbedManifest:
         All outputs are up-to-date.
         204101041_VowelRecogntion.vcxproj -> G:\Study\SP\Assignments\204101041_VowelRecogntion\Debug\204101041_VowelRecogntion.exe
       FinalizeBuildStatus:
         Deleting file "Debug\204101041_VowelRecogntion.unsuccessfulbuild".
         Touching "Debug\204101041_VowelRecogntion.lastbuildstate".
     1>Done Building Project "G:\Study\SP\Assignments\204101041_VowelRecogntion\204101041_VowelRecogntion\204101041_VowelRecogntion.vcxproj" (build target(s)).

Build succeeded.

Time Elapsed 00:00:01.31
